TN:
SF:src/App.jsx
FN:11,App
FN:18,startSession
FN:23,endSession
FN:34,onStudy
FN:35,onStats
FN:36,onImport
FN:44,onBack
FN:58,onBack
FN:64,onBack
FNF:9
FNH:9
FNDA:20,App
FNDA:1,startSession
FNDA:1,endSession
FNDA:3,onStudy
FNDA:2,onStats
FNDA:2,onImport
FNDA:1,onBack
FNDA:1,onBack
FNDA:1,onBack
DA:1,1
DA:11,20
DA:12,20
DA:13,20
DA:14,20
DA:16,20
DA:18,20
DA:19,1
DA:20,1
DA:21,1
DA:23,20
DA:24,1
DA:25,1
DA:26,1
DA:28,20
DA:29,20
DA:30,20
DA:31,12
DA:32,12
DA:33,12
DA:34,12
DA:35,12
DA:36,12
DA:37,12
DA:39,20
DA:40,3
DA:41,3
DA:42,3
DA:43,3
DA:44,3
DA:45,3
DA:47,20
DA:48,1
DA:49,1
DA:50,1
DA:51,1
DA:52,1
DA:53,1
DA:55,20
DA:56,2
DA:57,2
DA:58,2
DA:59,2
DA:61,20
DA:62,2
DA:63,2
DA:64,2
DA:65,2
DA:67,20
DA:69,20
LF:50
LH:50
BRDA:11,0,0,20
BRDA:30,1,0,12
BRDA:39,2,0,3
BRDA:47,3,0,1
BRDA:47,4,0,1
BRDA:55,5,0,2
BRDA:61,6,0,2
BRDA:18,7,0,1
BRDA:23,8,0,1
BRDA:34,9,0,3
BRDA:35,10,0,2
BRDA:36,11,0,2
BRDA:44,12,0,1
BRDA:58,13,0,1
BRDA:64,14,0,1
BRF:15
BRH:15
end_of_record
TN:
SF:src/__tests__/App.test.jsx
FNF:0
FNH:0
DA:1,1
DA:2,1
DA:3,1
DA:5,1
DA:6,1
DA:7,1
DA:8,1
DA:9,1
DA:11,1
DA:12,1
DA:13,1
DA:14,1
DA:15,1
DA:17,1
DA:18,1
DA:19,1
DA:20,1
DA:21,1
DA:23,1
DA:24,1
DA:25,1
DA:26,1
DA:27,1
DA:29,1
DA:30,1
DA:31,1
DA:32,1
DA:33,1
DA:34,1
DA:36,1
DA:37,1
DA:38,1
DA:39,1
DA:40,1
DA:41,1
DA:43,1
DA:44,1
DA:45,1
DA:46,1
DA:47,1
DA:48,1
DA:50,1
DA:51,1
DA:53,1
DA:55,1
DA:57,1
DA:59,1
DA:61,1
DA:62,1
DA:63,1
DA:64,1
LF:51
LH:51
BRDA:5,0,0,1
BRDA:6,1,0,1
BRDA:11,2,0,1
BRDA:17,3,0,1
BRDA:23,4,0,1
BRDA:29,5,0,1
BRDA:36,6,0,1
BRDA:43,7,0,1
BRDA:50,8,0,1
BRF:9
BRH:9
end_of_record
TN:
SF:src/__tests__/HomeView.test.jsx
FN:6,makeStore
FN:8,getStats
FN:47,getStats
FN:62,getStats
FN:106,getStats
FNF:5
FNH:5
FNDA:11,makeStore
FNDA:8,getStats
FNDA:1,getStats
FNDA:1,getStats
FNDA:1,getStats
DA:1,1
DA:2,1
DA:3,1
DA:4,1
DA:6,11
DA:7,11
DA:8,11
DA:9,11
DA:10,11
DA:11,11
DA:12,11
DA:13,11
DA:15,1
DA:16,1
DA:18,1
DA:19,1
DA:20,1
DA:21,1
DA:22,1
DA:23,1
DA:24,1
DA:25,1
DA:26,1
DA:27,1
DA:28,1
DA:29,1
DA:30,1
DA:32,1
DA:33,1
DA:34,1
DA:35,1
DA:36,1
DA:37,1
DA:38,1
DA:39,1
DA:40,1
DA:41,1
DA:42,1
DA:43,1
DA:44,1
DA:46,1
DA:47,1
DA:48,1
DA:49,1
DA:50,1
DA:51,1
DA:52,1
DA:54,1
DA:55,1
DA:56,1
DA:57,1
DA:58,1
DA:59,1
DA:61,1
DA:62,1
DA:63,1
DA:64,1
DA:65,1
DA:66,1
DA:67,1
DA:69,1
DA:70,1
DA:71,1
DA:72,1
DA:73,1
DA:74,6
DA:75,1
DA:76,1
DA:78,1
DA:79,1
DA:80,1
DA:81,1
DA:82,1
DA:83,1
DA:84,1
DA:85,1
DA:87,1
DA:88,1
DA:89,1
DA:90,1
DA:91,1
DA:92,1
DA:93,1
DA:94,1
DA:96,1
DA:97,1
DA:98,1
DA:99,1
DA:100,1
DA:101,1
DA:102,1
DA:103,1
DA:105,1
DA:106,1
DA:107,1
DA:108,1
DA:109,1
DA:110,1
DA:111,1
DA:113,1
DA:114,1
DA:115,1
DA:116,1
DA:117,1
DA:118,1
DA:119,1
DA:120,1
LF:107
LH:107
BRDA:6,0,0,11
BRDA:8,1,0,8
BRDA:15,2,0,1
BRDA:18,3,0,1
BRDA:32,4,0,1
BRDA:33,5,0,6
BRDA:46,6,0,1
BRDA:47,7,0,1
BRDA:54,8,0,1
BRDA:61,9,0,1
BRDA:62,10,0,1
BRDA:69,11,0,1
BRDA:73,12,0,6
BRDA:78,13,0,1
BRDA:87,14,0,1
BRDA:96,15,0,1
BRDA:105,16,0,1
BRDA:106,17,0,1
BRDA:113,18,0,1
BRF:19
BRH:19
end_of_record
TN:
SF:src/__tests__/ImportView.test.jsx
FN:5,makeStore
FN:68,readAsText
FN:93,readAsText
FN:114,readAsText
FN:160,readAsText
FNF:5
FNH:5
FNDA:11,makeStore
FNDA:1,readAsText
FNDA:1,readAsText
FNDA:1,readAsText
FNDA:1,readAsText
DA:1,1
DA:2,1
DA:3,1
DA:5,11
DA:6,11
DA:7,11
DA:8,11
DA:9,11
DA:10,11
DA:11,11
DA:13,1
DA:14,1
DA:15,1
DA:16,1
DA:17,1
DA:19,1
DA:20,1
DA:21,1
DA:22,1
DA:24,1
DA:25,1
DA:26,1
DA:27,1
DA:28,1
DA:29,1
DA:31,1
DA:32,1
DA:33,1
DA:34,1
DA:36,1
DA:37,1
DA:38,1
DA:39,1
DA:40,1
DA:41,1
DA:42,1
DA:43,1
DA:44,1
DA:45,1
DA:46,1
DA:48,1
DA:49,1
DA:50,1
DA:51,1
DA:52,1
DA:53,1
DA:55,1
DA:56,1
DA:57,1
DA:59,1
DA:60,1
DA:61,1
DA:62,1
DA:63,1
DA:66,1
DA:67,1
DA:68,1
DA:69,1
DA:70,1
DA:71,1
DA:72,1
DA:73,1
DA:75,1
DA:77,1
DA:78,2
DA:79,1
DA:81,1
DA:82,1
DA:84,1
DA:85,1
DA:86,1
DA:88,1
DA:89,1
DA:90,1
DA:92,1
DA:93,1
DA:94,1
DA:95,1
DA:96,1
DA:97,1
DA:98,1
DA:100,1
DA:102,1
DA:103,2
DA:104,1
DA:105,1
DA:107,1
DA:108,1
DA:109,1
DA:111,1
DA:113,1
DA:114,1
DA:115,1
DA:116,1
DA:117,1
DA:119,1
DA:120,1
DA:121,1
DA:122,1
DA:124,1
DA:125,2
DA:126,1
DA:127,1
DA:129,1
DA:130,1
DA:131,1
DA:132,1
DA:133,1
DA:135,1
DA:136,1
DA:137,1
DA:138,17
DA:139,17
DA:140,17
DA:141,1
DA:143,1
DA:144,1
DA:146,1
DA:147,1
DA:148,1
DA:150,1
DA:151,1
DA:153,1
DA:154,1
DA:155,1
DA:156,1
DA:157,1
DA:159,1
DA:160,1
DA:161,1
DA:162,1
DA:163,1
DA:164,1
DA:165,1
DA:167,1
DA:169,1
DA:170,2
DA:171,1
DA:172,1
DA:173,1
LF:140
LH:140
BRDA:5,0,0,11
BRDA:13,1,0,1
BRDA:14,2,0,1
BRDA:19,3,0,1
BRDA:24,4,0,1
BRDA:31,5,0,1
BRDA:36,6,0,1
BRDA:48,7,0,1
BRDA:55,8,0,1
BRDA:68,9,0,1
BRDA:69,10,0,1
BRDA:77,11,0,2
BRDA:84,12,0,1
BRDA:93,13,0,1
BRDA:94,14,0,1
BRDA:102,15,0,2
BRDA:107,16,0,1
BRDA:114,17,0,1
BRDA:115,18,0,1
BRDA:124,19,0,2
BRDA:129,20,0,1
BRDA:131,21,0,1
BRDA:137,22,0,17
BRDA:139,23,0,1
BRDA:153,24,0,1
BRDA:160,25,0,1
BRDA:161,26,0,1
BRDA:169,27,0,2
BRF:28
BRH:28
end_of_record
TN:
SF:src/__tests__/SelectSetsView.test.jsx
FN:13,makeStore
FN:16,getDueCards
FN:47,getDueCards
FN:80,getDueCards
FNF:4
FNH:4
FNDA:10,makeStore
FNDA:47,getDueCards
FNDA:6,getDueCards
FNDA:8,getDueCards
DA:1,1
DA:2,1
DA:3,1
DA:5,1
DA:6,1
DA:8,1
DA:9,1
DA:10,1
DA:11,1
DA:13,10
DA:14,10
DA:15,10
DA:16,10
DA:17,10
DA:18,10
DA:19,10
DA:21,1
DA:22,1
DA:23,1
DA:24,1
DA:25,1
DA:26,1
DA:28,1
DA:29,1
DA:30,1
DA:31,1
DA:32,1
DA:33,1
DA:35,1
DA:36,1
DA:37,1
DA:38,1
DA:40,1
DA:41,1
DA:42,1
DA:43,1
DA:44,1
DA:46,1
DA:47,1
DA:48,1
DA:49,1
DA:50,1
DA:51,1
DA:53,1
DA:54,1
DA:55,1
DA:56,1
DA:57,1
DA:58,1
DA:60,1
DA:61,1
DA:62,1
DA:63,1
DA:64,1
DA:65,1
DA:66,1
DA:67,1
DA:68,1
DA:69,1
DA:70,1
DA:72,1
DA:73,1
DA:74,1
DA:75,1
DA:76,1
DA:77,1
DA:79,1
DA:80,1
DA:81,1
DA:82,1
DA:84,1
DA:86,1
DA:88,1
DA:89,1
DA:91,1
DA:92,1
DA:93,1
DA:94,1
DA:95,1
DA:96,1
DA:97,1
LF:81
LH:81
BRDA:13,0,0,10
BRDA:16,1,0,47
BRDA:21,2,0,1
BRDA:22,3,0,1
BRDA:28,4,0,1
BRDA:35,5,0,1
BRDA:40,6,0,1
BRDA:46,7,0,1
BRDA:47,8,0,6
BRDA:53,9,0,1
BRDA:60,10,0,1
BRDA:72,11,0,1
BRDA:79,12,0,1
BRDA:80,13,0,8
BRDA:91,14,0,1
BRF:15
BRH:15
end_of_record
TN:
SF:src/__tests__/StatsView.test.jsx
FN:5,makeStore
FN:7,getStats
FNF:2
FNH:2
FNDA:6,makeStore
FNDA:6,getStats
DA:1,1
DA:2,1
DA:3,1
DA:5,6
DA:6,6
DA:7,6
DA:8,6
DA:9,6
DA:10,6
DA:11,6
DA:12,6
DA:13,6
DA:14,6
DA:15,6
DA:16,6
DA:18,1
DA:19,1
DA:20,1
DA:21,1
DA:22,1
DA:24,1
DA:25,1
DA:26,1
DA:27,1
DA:28,1
DA:29,1
DA:31,1
DA:32,1
DA:33,1
DA:34,1
DA:35,1
DA:36,1
DA:37,1
DA:38,1
DA:39,1
DA:41,1
DA:42,1
DA:43,1
DA:44,1
DA:45,1
DA:46,1
DA:47,1
DA:48,1
DA:50,1
DA:51,1
DA:52,1
DA:53,1
DA:54,1
DA:55,1
DA:56,1
DA:57,1
DA:58,1
DA:59,1
DA:61,1
DA:62,1
DA:63,1
DA:64,1
DA:65,1
LF:58
LH:58
BRDA:5,0,0,6
BRDA:7,1,0,6
BRDA:18,2,0,1
BRDA:19,3,0,1
BRDA:24,4,0,1
BRDA:31,5,0,1
BRDA:41,6,0,1
BRDA:50,7,0,1
BRDA:61,8,0,1
BRF:9
BRH:9
end_of_record
TN:
SF:src/__tests__/StudyView.test.jsx
FN:11,makeStore
FN:19,makeConfig
FNF:2
FNH:2
FNDA:20,makeStore
FNDA:20,makeConfig
DA:1,1
DA:2,1
DA:3,1
DA:5,1
DA:6,1
DA:7,1
DA:8,1
DA:9,1
DA:11,20
DA:12,20
DA:13,20
DA:14,20
DA:15,20
DA:16,20
DA:17,20
DA:19,20
DA:20,20
DA:21,20
DA:23,1
DA:24,1
DA:25,1
DA:26,1
DA:27,1
DA:28,1
DA:29,1
DA:30,1
DA:31,1
DA:32,1
DA:33,1
DA:34,1
DA:35,1
DA:36,1
DA:37,1
DA:39,1
DA:40,1
DA:41,1
DA:42,1
DA:43,1
DA:44,1
DA:45,1
DA:47,1
DA:48,1
DA:49,1
DA:50,1
DA:51,1
DA:52,1
DA:54,1
DA:55,1
DA:56,1
DA:57,1
DA:58,1
DA:59,1
DA:60,1
DA:61,1
DA:62,1
DA:64,1
DA:65,1
DA:66,1
DA:67,1
DA:68,1
DA:69,1
DA:70,1
DA:71,1
DA:72,1
DA:74,1
DA:75,1
DA:76,1
DA:77,1
DA:78,1
DA:79,1
DA:80,1
DA:81,1
DA:82,1
DA:84,1
DA:85,1
DA:87,1
DA:88,1
DA:89,1
DA:90,1
DA:91,1
DA:92,1
DA:93,1
DA:94,1
DA:96,1
DA:97,1
DA:98,1
DA:99,1
DA:100,1
DA:101,1
DA:102,1
DA:103,1
DA:104,1
DA:105,1
DA:107,1
DA:108,1
DA:109,1
DA:110,1
DA:111,1
DA:112,1
DA:113,1
DA:114,1
DA:115,1
DA:116,1
DA:117,1
DA:118,1
DA:119,1
DA:121,1
DA:122,1
DA:124,1
DA:126,1
DA:127,1
DA:128,1
DA:129,1
DA:130,1
DA:132,1
DA:134,1
DA:135,1
DA:136,1
DA:137,1
DA:138,1
DA:139,1
DA:141,1
DA:142,1
DA:143,1
DA:144,1
DA:145,1
DA:146,1
DA:148,1
DA:149,1
DA:151,1
DA:152,1
DA:153,1
DA:154,1
DA:155,1
DA:157,1
DA:158,1
DA:159,1
DA:160,1
DA:161,1
DA:163,1
DA:164,1
DA:166,1
DA:167,1
DA:168,1
DA:169,1
DA:170,1
DA:171,1
DA:173,1
DA:174,1
DA:175,1
DA:176,1
DA:177,1
DA:178,1
DA:179,1
DA:180,1
DA:181,1
DA:182,1
DA:184,1
DA:185,1
DA:186,1
DA:187,1
DA:188,1
DA:189,1
DA:190,1
DA:191,1
DA:192,1
DA:193,1
DA:195,1
DA:196,1
DA:197,1
DA:198,1
DA:199,1
DA:200,1
DA:201,1
DA:202,1
DA:203,1
DA:204,1
DA:205,1
DA:207,1
DA:208,1
DA:209,1
DA:210,1
DA:211,1
DA:212,1
DA:213,1
DA:215,1
DA:216,1
DA:217,1
DA:218,1
DA:219,1
DA:220,1
DA:221,1
DA:222,1
DA:224,1
DA:225,1
DA:226,1
DA:227,1
DA:228,1
DA:229,1
DA:230,1
DA:231,1
DA:232,1
LF:202
LH:202
BRDA:11,0,0,20
BRDA:19,1,0,20
BRDA:23,2,0,1
BRDA:24,3,0,1
BRDA:25,4,0,1
BRDA:39,5,0,1
BRDA:47,6,0,1
BRDA:54,7,0,1
BRDA:64,8,0,1
BRDA:74,9,0,1
BRDA:84,10,0,1
BRDA:96,11,0,1
BRDA:107,12,0,1
BRDA:121,13,0,1
BRDA:124,14,0,1
BRDA:132,15,0,1
BRDA:137,16,0,3
BRDA:141,17,0,1
BRDA:148,18,0,5
BRDA:151,19,0,1
BRDA:157,20,0,1
BRDA:158,21,0,1
BRDA:166,22,0,1
BRDA:173,23,0,1
BRDA:184,24,0,1
BRDA:195,25,0,1
BRDA:207,26,0,1
BRDA:208,27,0,1
BRDA:215,28,0,1
BRDA:224,29,0,1
BRF:30
BRH:30
end_of_record
TN:
SF:src/__tests__/useVocabStore.test.js
FNF:0
FNH:0
DA:1,1
DA:2,1
DA:3,1
DA:4,1
DA:5,1
DA:6,1
DA:7,1
DA:8,1
DA:9,1
DA:10,1
DA:11,1
DA:12,1
DA:13,1
DA:14,1
DA:15,1
DA:16,1
DA:17,1
DA:18,1
DA:19,1
DA:20,1
DA:21,1
DA:22,1
DA:23,1
DA:24,1
DA:25,1
DA:26,1
DA:27,1
DA:28,1
DA:29,1
DA:30,1
DA:31,1
DA:32,1
DA:33,1
DA:34,1
DA:35,1
DA:36,1
DA:37,1
DA:38,1
DA:39,1
DA:40,1
DA:41,1
DA:42,1
DA:43,1
DA:44,1
DA:45,1
DA:46,1
DA:47,1
DA:48,1
DA:49,1
DA:50,1
DA:51,1
DA:52,1
DA:53,1
DA:54,1
DA:55,1
DA:56,1
DA:57,1
DA:58,1
DA:59,1
DA:60,1
DA:61,1
DA:62,1
DA:63,1
DA:64,1
DA:65,1
DA:66,1
DA:67,1
DA:68,1
DA:69,1
DA:70,1
DA:71,1
DA:72,1
DA:73,1
DA:74,1
DA:75,1
DA:76,1
DA:77,1
DA:78,1
DA:79,1
DA:80,1
DA:81,1
DA:82,1
DA:83,1
DA:84,1
DA:85,1
DA:86,1
DA:87,1
DA:88,1
DA:89,1
DA:90,1
DA:91,1
DA:92,1
DA:93,1
DA:94,1
DA:95,1
DA:96,1
DA:97,1
DA:98,1
DA:99,1
DA:100,1
DA:101,1
DA:102,1
DA:103,1
DA:104,1
DA:105,1
DA:106,1
DA:107,1
DA:108,1
DA:109,1
DA:110,1
DA:111,1
DA:112,1
DA:113,1
DA:114,1
DA:115,1
DA:116,1
DA:117,1
DA:118,1
DA:119,1
DA:120,1
DA:121,1
DA:122,1
DA:123,1
DA:124,1
DA:125,1
DA:126,1
DA:127,1
DA:128,1
DA:129,1
DA:130,1
DA:131,1
DA:132,1
DA:133,1
DA:134,1
DA:135,1
DA:136,1
DA:137,1
DA:138,1
DA:139,1
DA:140,1
DA:141,1
DA:142,1
DA:143,1
DA:144,1
DA:145,1
DA:146,1
DA:147,1
DA:148,1
DA:149,1
DA:150,1
DA:151,1
DA:152,1
DA:153,1
DA:154,1
DA:155,1
DA:156,1
DA:157,1
DA:158,1
DA:159,1
DA:160,1
DA:161,1
DA:162,1
DA:163,1
DA:164,1
DA:165,1
DA:166,1
DA:167,1
DA:168,1
DA:169,1
DA:170,1
DA:171,1
DA:172,1
DA:173,1
DA:174,1
DA:175,1
DA:176,1
DA:177,1
DA:178,1
DA:179,1
DA:180,1
DA:181,1
DA:182,1
DA:183,1
DA:184,1
DA:185,1
DA:186,1
DA:187,1
DA:188,1
DA:189,1
DA:190,1
DA:191,1
DA:192,1
DA:193,1
DA:194,1
DA:195,1
DA:196,1
DA:197,1
DA:198,1
DA:199,1
DA:200,1
DA:201,1
DA:202,1
DA:203,1
DA:204,1
DA:205,1
DA:206,1
DA:207,1
DA:208,1
DA:209,1
DA:210,1
DA:211,1
DA:212,1
DA:213,1
DA:214,1
DA:215,1
DA:216,1
DA:217,1
DA:218,1
DA:219,1
DA:220,1
DA:221,1
DA:222,1
DA:223,1
DA:224,1
DA:225,1
DA:226,1
DA:227,1
DA:228,1
DA:229,1
DA:230,1
DA:231,1
DA:232,1
DA:233,1
DA:234,1
DA:235,1
DA:236,1
DA:237,1
DA:238,1
DA:239,1
DA:240,1
DA:241,1
DA:242,1
DA:243,1
DA:244,1
LF:244
LH:244
BRDA:13,0,0,1
BRDA:14,1,0,1
BRDA:15,2,0,1
BRDA:16,3,0,2
BRDA:17,4,0,1
BRDA:28,5,0,1
BRDA:29,6,0,4
BRDA:30,7,0,1
BRDA:31,8,0,1
BRDA:34,9,0,1
BRDA:38,10,0,1
BRDA:39,11,0,2
BRDA:40,12,0,1
BRDA:46,13,0,1
BRDA:47,14,0,1
BRDA:48,15,0,3
BRDA:49,16,0,1
BRDA:50,17,0,1
BRDA:58,18,0,1
BRDA:59,19,0,5
BRDA:60,20,0,1
BRDA:61,21,0,1
BRDA:62,22,0,1
BRDA:63,23,0,1
BRDA:70,24,0,1
BRDA:71,25,0,2
BRDA:72,26,0,1
BRDA:76,27,0,1
BRDA:77,28,0,3
BRDA:78,29,0,1
BRDA:79,30,0,1
BRDA:86,31,0,1
BRDA:87,32,0,1
BRDA:88,33,0,1
BRDA:95,34,0,1
BRDA:96,35,0,3
BRDA:97,36,0,1
BRDA:98,37,0,1
BRDA:105,38,0,1
BRDA:106,39,0,1
BRDA:107,40,0,1
BRDA:112,41,0,1
BRDA:113,42,0,4
BRDA:114,43,0,1
BRDA:116,44,0,1
BRDA:117,45,0,1
BRDA:121,46,0,1
BRDA:122,47,0,1
BRDA:125,48,0,1
BRDA:126,49,0,2
BRDA:127,50,0,1
BRDA:133,51,0,1
BRDA:134,52,0,1
BRDA:135,53,0,1
BRDA:144,54,0,1
BRDA:145,55,0,2
BRDA:146,56,0,1
BRDA:150,57,0,1
BRDA:151,58,0,2
BRDA:152,59,0,1
BRDA:157,60,0,1
BRDA:158,61,0,6
BRDA:159,62,0,1
BRDA:161,63,0,1
BRDA:162,64,0,1
BRDA:163,65,0,1
BRDA:164,66,0,1
BRDA:171,67,0,1
BRDA:172,68,0,4
BRDA:173,69,0,1
BRDA:174,70,0,1
BRDA:175,71,0,1
BRDA:180,72,0,1
BRDA:181,73,0,4
BRDA:182,74,0,1
BRDA:183,75,0,1
BRDA:184,76,0,1
BRDA:196,77,0,1
BRDA:197,78,0,1
BRDA:198,79,0,2
BRDA:199,80,0,1
BRDA:203,81,0,1
BRDA:204,82,0,3
BRDA:205,83,0,1
BRDA:206,84,0,1
BRDA:210,85,0,1
BRDA:211,86,0,2
BRDA:212,87,0,1
BRDA:218,88,0,1
BRDA:219,89,0,1
BRDA:220,90,0,5
BRDA:221,91,0,1
BRDA:222,92,0,1
BRDA:223,93,0,1
BRDA:225,94,0,1
BRDA:229,95,0,1
BRDA:230,96,0,2
BRDA:231,97,0,1
BRDA:236,98,0,1
BRDA:237,99,0,1
BRDA:239,100,0,1
BRF:101
BRH:101
end_of_record
TN:
SF:src/components/HomeView.jsx
FN:4,HomeView
FNF:1
FNH:1
FNDA:23,HomeView
DA:1,1
DA:4,23
DA:5,23
DA:6,23
DA:7,23
DA:9,23
DA:10,23
DA:12,23
DA:13,23
DA:14,23
DA:15,23
DA:16,23
DA:17,23
DA:18,23
DA:19,23
DA:20,23
DA:21,23
DA:22,23
DA:23,23
DA:24,23
DA:25,23
DA:26,23
DA:27,23
DA:28,23
DA:29,23
DA:30,23
DA:33,23
DA:34,23
DA:35,23
DA:36,23
DA:37,23
DA:38,23
DA:39,23
DA:40,23
DA:41,23
DA:42,23
DA:43,23
DA:44,23
DA:45,69
DA:46,69
DA:47,69
DA:48,69
DA:49,23
DA:50,23
DA:53,23
DA:54,3
DA:55,3
DA:56,3
DA:57,3
DA:58,3
DA:59,3
DA:60,3
DA:61,3
DA:62,3
DA:63,3
DA:64,3
DA:65,3
DA:66,3
DA:67,3
DA:68,3
DA:70,23
DA:73,23
DA:74,23
DA:75,23
DA:76,23
DA:77,23
DA:79,23
DA:80,23
DA:82,23
DA:83,23
DA:85,23
DA:86,23
DA:89,23
DA:90,23
DA:92,23
DA:93,23
DA:94,23
DA:95,139
DA:96,139
DA:97,139
DA:98,139
DA:99,139
DA:100,139
DA:101,139
DA:102,139
DA:103,139
DA:104,139
DA:105,139
DA:107,23
DA:108,23
DA:109,23
DA:110,23
DA:111,23
DA:113,23
LF:94
LH:94
BRDA:4,0,0,23
BRDA:43,1,0,3
BRDA:43,2,0,20
BRDA:53,3,0,3
BRDA:76,4,0,3
BRDA:76,5,0,20
BRDA:5,6,0,23
BRDA:6,7,0,23
BRDA:7,8,0,139
BRDA:44,9,0,69
BRDA:94,10,0,139
BRDA:100,11,0,1
BRDA:100,12,0,138
BRDA:101,13,0,1
BRDA:101,14,0,138
BRF:15
BRH:15
end_of_record
TN:
SF:src/components/ImportView.jsx
FN:12,ImportView
FN:17,processFile
FN:20,reader.onload
FN:37,onDrop
FN:43,downloadTemplate
FN:66,onDragOver
FN:67,onDragLeave
FN:69,onClick
FN:89,onChange
FN:155,onClick
FNF:10
FNH:7
FNDA:17,ImportView
FNDA:4,processFile
FNDA:4,reader.onload
FNDA:1,onDrop
FNDA:1,downloadTemplate
FNDA:0,onDragOver
FNDA:0,onDragLeave
FNDA:0,onClick
FNDA:3,onChange
FNDA:1,onClick
DA:1,1
DA:4,1
DA:5,1
DA:6,1
DA:7,1
DA:8,1
DA:9,1
DA:10,1
DA:12,17
DA:13,17
DA:14,17
DA:15,17
DA:17,17
DA:18,4
DA:19,4
DA:20,4
DA:21,4
DA:22,4
DA:23,4
DA:24,4
DA:25,4
DA:26,3
DA:27,3
DA:28,3
DA:29,3
DA:30,4
DA:31,1
DA:32,1
DA:33,4
DA:34,4
DA:35,4
DA:37,17
DA:38,1
DA:39,1
DA:40,1
DA:41,1
DA:43,17
DA:44,1
DA:45,1
DA:46,1
DA:47,1
DA:48,1
DA:49,1
DA:51,17
DA:53,17
DA:54,17
DA:55,17
DA:56,17
DA:58,17
DA:59,17
DA:60,17
DA:61,17
DA:63,17
DA:65,17
DA:66,17
DA:67,17
DA:68,17
DA:69,17
DA:70,17
DA:71,17
DA:72,17
DA:73,17
DA:74,17
DA:75,17
DA:76,17
DA:77,17
DA:78,17
DA:79,17
DA:81,17
DA:82,17
DA:83,17
DA:84,17
DA:85,17
DA:86,17
DA:87,17
DA:88,17
DA:89,17
DA:90,17
DA:91,17
DA:94,17
DA:95,4
DA:96,4
DA:97,4
DA:98,4
DA:99,4
DA:100,4
DA:101,4
DA:102,4
DA:103,4
DA:104,4
DA:105,4
DA:109,17
DA:111,17
DA:114,17
DA:115,17
DA:117,17
DA:118,17
DA:119,17
DA:120,17
DA:121,17
DA:122,17
DA:123,17
DA:124,17
DA:125,17
DA:126,17
DA:127,17
DA:135,17
DA:136,17
DA:139,17
DA:140,2
DA:141,2
DA:143,2
DA:144,2
DA:145,2
DA:146,2
DA:147,2
DA:148,2
DA:149,2
DA:150,2
DA:151,2
DA:152,2
DA:153,2
DA:154,2
DA:155,2
DA:156,2
DA:157,2
DA:159,2
DA:160,2
DA:161,2
DA:162,2
DA:163,2
DA:165,17
DA:166,17
DA:168,17
LF:134
LH:134
BRDA:12,0,0,17
BRDA:71,1,0,0
BRDA:76,2,0,0
BRDA:94,3,0,4
BRDA:98,4,0,3
BRDA:98,5,0,1
BRDA:99,6,0,3
BRDA:99,7,0,1
BRDA:100,8,0,3
BRDA:100,9,0,1
BRDA:139,10,0,2
BRDA:17,11,0,4
BRDA:18,12,0,0
BRDA:20,13,0,4
BRDA:23,14,0,1
BRDA:23,15,0,2
BRDA:25,16,0,3
BRDA:30,17,0,1
BRDA:37,18,0,1
BRDA:43,19,0,1
BRDA:89,20,0,3
BRDA:145,21,0,2
BRDA:155,22,0,1
BRF:23
BRH:20
end_of_record
TN:
SF:src/components/SelectSetsView.jsx
FN:10,SelectSetsView
FN:15,toggle
FN:29,handleStart
FN:54,onClick
FN:100,onClick
FN:123,onClick
FNF:6
FNH:6
FNDA:25,SelectSetsView
FNDA:10,toggle
FNDA:3,handleStart
FNDA:10,onClick
FNDA:1,onClick
FNDA:1,onClick
DA:1,1
DA:4,1
DA:5,1
DA:6,1
DA:7,1
DA:8,1
DA:10,25
DA:11,25
DA:12,25
DA:13,25
DA:15,25
DA:16,10
DA:17,10
DA:18,10
DA:19,10
DA:21,25
DA:22,23
DA:23,25
DA:25,25
DA:26,24
DA:27,25
DA:29,25
DA:30,3
DA:31,3
DA:32,3
DA:34,25
DA:35,25
DA:36,25
DA:37,25
DA:39,25
DA:40,25
DA:41,25
DA:42,25
DA:44,25
DA:46,25
DA:47,25
DA:48,66
DA:49,66
DA:50,66
DA:51,66
DA:52,66
DA:53,66
DA:54,66
DA:55,66
DA:56,66
DA:57,66
DA:58,66
DA:59,66
DA:60,66
DA:61,66
DA:62,66
DA:63,66
DA:64,66
DA:65,66
DA:66,66
DA:68,66
DA:69,66
DA:70,66
DA:71,66
DA:72,66
DA:73,66
DA:74,66
DA:75,66
DA:76,66
DA:77,66
DA:78,66
DA:79,66
DA:80,66
DA:81,66
DA:82,66
DA:83,66
DA:84,66
DA:85,66
DA:86,66
DA:87,66
DA:88,66
DA:90,25
DA:91,25
DA:94,25
DA:95,25
DA:96,25
DA:97,25
DA:98,75
DA:99,75
DA:100,75
DA:101,75
DA:102,75
DA:103,75
DA:104,75
DA:105,75
DA:106,75
DA:107,75
DA:108,75
DA:109,75
DA:111,75
DA:112,75
DA:113,75
DA:114,75
DA:115,75
DA:116,75
DA:117,25
DA:118,25
DA:119,25
DA:122,25
DA:123,25
DA:124,25
DA:125,25
DA:126,25
DA:127,25
DA:128,25
DA:129,25
DA:130,25
DA:131,25
DA:132,25
DA:133,25
DA:134,25
DA:136,25
DA:137,25
DA:138,25
DA:139,25
DA:140,25
DA:143,25
DA:144,25
DA:145,25
DA:146,25
DA:147,25
DA:149,25
DA:150,15
DA:151,10
DA:152,2
DA:153,8
DA:154,25
DA:155,25
DA:156,25
DA:158,25
LF:135
LH:135
BRDA:10,0,0,25
BRDA:127,1,0,1
BRDA:127,2,0,24
BRDA:128,3,0,1
BRDA:128,4,0,24
BRDA:137,5,0,1
BRDA:137,6,0,24
BRDA:138,7,0,1
BRDA:138,8,0,24
BRDA:146,9,0,10
BRDA:147,10,0,10
BRDA:147,11,0,17
BRDA:147,12,0,8
BRDA:149,13,0,15
BRDA:150,14,0,10
BRDA:151,15,0,2
BRDA:152,16,0,8
BRDA:153,17,0,2
BRDA:153,18,0,6
BRDA:15,19,0,10
BRDA:15,20,0,10
BRDA:17,21,0,1
BRDA:17,22,0,9
BRDA:21,23,0,23
BRDA:22,24,0,10
BRDA:22,25,0,0
BRDA:25,26,0,24
BRDA:26,27,0,1
BRDA:26,28,0,23
BRDA:29,29,0,3
BRDA:30,30,0,0
BRDA:47,31,0,66
BRDA:60,32,0,11
BRDA:60,33,0,55
BRDA:61,34,0,11
BRDA:61,35,0,55
BRDA:72,36,0,11
BRDA:72,37,0,55
BRDA:73,38,0,11
BRDA:73,39,0,55
BRDA:78,40,0,11
BRDA:87,41,0,0
BRDA:54,42,0,10
BRDA:97,43,0,75
BRDA:103,44,0,25
BRDA:103,45,0,50
BRDA:104,46,0,25
BRDA:104,47,0,50
BRDA:115,48,0,25
BRDA:100,49,0,1
BRDA:123,50,0,1
BRDA:123,51,0,1
BRF:52
BRH:49
end_of_record
TN:
SF:src/components/StatsView.jsx
FN:3,StatsView
FNF:1
FNH:1
FNDA:8,StatsView
DA:1,1
DA:3,8
DA:4,8
DA:6,8
DA:7,8
DA:8,8
DA:9,8
DA:10,8
DA:11,8
DA:12,8
DA:14,8
DA:15,8
DA:16,8
DA:17,8
DA:19,8
DA:20,8
DA:21,8
DA:22,8
DA:24,8
DA:25,8
DA:26,4
DA:27,4
DA:28,4
DA:29,4
DA:31,4
DA:33,4
DA:34,4
DA:35,20
DA:36,20
DA:37,20
DA:38,20
DA:39,20
DA:40,20
DA:41,20
DA:42,20
DA:43,4
DA:44,4
DA:47,4
DA:48,1
DA:49,1
DA:51,1
DA:52,1
DA:53,1
DA:54,1
DA:55,1
DA:56,1
DA:57,1
DA:58,1
DA:59,1
DA:60,1
DA:61,1
DA:62,1
DA:63,1
DA:64,1
DA:65,1
DA:66,1
DA:68,4
DA:70,8
DA:71,8
DA:73,8
LF:60
LH:60
BRDA:3,0,0,8
BRDA:8,1,0,2
BRDA:8,2,0,6
BRDA:25,3,0,4
BRDA:29,4,0,4
BRDA:47,5,0,1
BRDA:4,6,0,8
BRDA:34,7,0,20
BRDA:53,8,0,1
BRF:9
BRH:9
end_of_record
TN:
SF:src/components/StudyView.jsx
FN:6,RecallQuiz
FN:18,submit
FN:25,handleKey
FN:49,onChange
FN:65,onFocus
FN:66,onBlur
FN:96,onClick
FN:133,onClick
FN:146,MCQQuiz
FN:161,pick
FN:195,onClick
FN:221,ReverseQuiz
FN:233,submit
FN:260,onChange
FN:261,onKeyDown
FN:275,onFocus
FN:276,onBlur
FN:297,onClick
FN:308,StudyView
FN:328,handleResult
FNF:20
FNH:13
FNDA:38,RecallQuiz
FNDA:6,submit
FNDA:1,handleKey
FNDA:6,onChange
FNDA:0,onFocus
FNDA:0,onBlur
FNDA:3,onClick
FNDA:0,onClick
FNDA:9,MCQQuiz
FNDA:1,pick
FNDA:1,onClick
FNDA:16,ReverseQuiz
FNDA:3,submit
FNDA:3,onChange
FNDA:0,onKeyDown
FNDA:0,onFocus
FNDA:0,onBlur
FNDA:0,onClick
FNDA:25,StudyView
FNDA:4,handleResult
DA:1,1
DA:6,38
DA:7,38
DA:8,38
DA:9,38
DA:10,38
DA:12,38
DA:13,13
DA:14,13
DA:15,13
DA:16,38
DA:18,38
DA:19,6
DA:20,6
DA:21,6
DA:22,6
DA:23,6
DA:25,38
DA:26,1
DA:27,1
DA:29,38
DA:30,38
DA:31,38
DA:32,38
DA:33,38
DA:34,38
DA:35,38
DA:36,38
DA:37,38
DA:38,38
DA:39,38
DA:40,38
DA:41,38
DA:42,38
DA:44,38
DA:45,32
DA:46,32
DA:47,32
DA:48,32
DA:49,32
DA:50,32
DA:51,32
DA:52,32
DA:53,32
DA:54,32
DA:55,32
DA:56,32
DA:57,32
DA:58,32
DA:59,32
DA:60,32
DA:61,32
DA:62,32
DA:63,32
DA:64,32
DA:65,32
DA:66,32
DA:67,32
DA:68,32
DA:70,32
DA:71,32
DA:74,38
DA:75,5
DA:76,5
DA:77,5
DA:78,5
DA:79,5
DA:80,5
DA:81,5
DA:82,5
DA:83,5
DA:84,5
DA:85,5
DA:86,5
DA:87,5
DA:88,5
DA:89,5
DA:90,5
DA:91,5
DA:92,5
DA:93,15
DA:94,15
DA:95,15
DA:96,15
DA:97,15
DA:99,15
DA:100,15
DA:101,5
DA:102,5
DA:103,5
DA:106,38
DA:107,1
DA:108,1
DA:109,1
DA:110,1
DA:111,1
DA:112,1
DA:113,1
DA:114,1
DA:115,1
DA:116,1
DA:117,1
DA:118,1
DA:119,1
DA:120,1
DA:121,1
DA:122,1
DA:123,1
DA:124,1
DA:125,1
DA:126,1
DA:127,1
DA:128,1
DA:129,1
DA:130,3
DA:131,3
DA:132,3
DA:133,3
DA:134,3
DA:136,3
DA:137,3
DA:138,1
DA:139,1
DA:140,1
DA:142,38
DA:144,38
DA:146,9
DA:147,9
DA:148,9
DA:150,9
DA:151,4
DA:152,4
DA:153,4
DA:154,9
DA:156,9
DA:157,4
DA:158,4
DA:159,9
DA:161,9
DA:162,1
DA:163,1
DA:164,1
DA:165,1
DA:167,9
DA:168,9
DA:169,9
DA:170,9
DA:171,9
DA:172,9
DA:173,9
DA:174,9
DA:175,9
DA:176,9
DA:177,9
DA:179,9
DA:180,9
DA:181,36
DA:182,36
DA:183,36
DA:184,36
DA:185,36
DA:187,36
DA:188,4
DA:189,3
DA:190,4
DA:192,36
DA:193,36
DA:194,36
DA:195,36
DA:196,36
DA:197,36
DA:198,36
DA:199,36
DA:200,36
DA:201,36
DA:202,36
DA:203,36
DA:204,36
DA:205,36
DA:206,36
DA:207,36
DA:208,36
DA:209,36
DA:210,36
DA:212,36
DA:213,36
DA:215,9
DA:216,9
DA:217,9
DA:219,9
DA:221,16
DA:222,16
DA:223,16
DA:224,16
DA:225,16
DA:227,16
DA:228,5
DA:229,5
DA:230,5
DA:231,16
DA:233,16
DA:234,3
DA:235,3
DA:236,3
DA:237,3
DA:238,3
DA:239,3
DA:241,16
DA:242,16
DA:243,16
DA:244,16
DA:245,16
DA:246,16
DA:247,16
DA:248,16
DA:249,16
DA:250,16
DA:251,16
DA:252,16
DA:254,16
DA:255,13
DA:256,13
DA:257,13
DA:258,13
DA:259,13
DA:260,13
DA:261,13
DA:262,13
DA:263,13
DA:264,13
DA:265,13
DA:266,13
DA:267,13
DA:268,13
DA:269,13
DA:270,13
DA:271,13
DA:272,13
DA:273,13
DA:274,13
DA:275,13
DA:276,13
DA:277,13
DA:278,13
DA:279,13
DA:282,16
DA:283,3
DA:284,3
DA:285,3
DA:286,3
DA:287,3
DA:288,3
DA:289,3
DA:290,3
DA:291,3
DA:292,3
DA:293,3
DA:294,3
DA:295,3
DA:296,3
DA:297,3
DA:299,3
DA:300,3
DA:302,16
DA:304,16
DA:308,25
DA:309,25
DA:310,25
DA:311,21
DA:312,1
DA:313,1
DA:314,21
DA:315,25
DA:316,25
DA:317,25
DA:318,25
DA:319,25
DA:321,25
DA:322,25
DA:323,21
DA:324,0
DA:325,21
DA:326,25
DA:328,25
DA:329,4
DA:330,4
DA:331,1
DA:333,4
DA:334,3
DA:335,4
DA:336,1
DA:337,1
DA:338,1
DA:339,4
DA:341,25
DA:342,3
DA:343,3
DA:344,3
DA:345,3
DA:346,3
DA:347,3
DA:348,3
DA:349,3
DA:350,3
DA:351,3
DA:352,3
DA:353,3
DA:354,3
DA:355,3
DA:356,3
DA:357,3
DA:358,3
DA:359,3
DA:360,3
DA:361,3
DA:362,3
DA:363,3
DA:364,3
DA:365,3
DA:366,3
DA:367,3
DA:369,3
DA:370,3
DA:371,3
DA:373,3
DA:375,22
DA:376,22
DA:378,22
DA:379,22
DA:380,22
DA:381,22
DA:382,22
DA:383,22
DA:385,22
DA:386,22
DA:387,22
DA:388,22
DA:389,22
DA:390,22
DA:391,22
DA:392,22
DA:393,22
DA:394,22
DA:395,22
DA:397,22
DA:398,22
DA:399,22
DA:400,22
DA:403,22
DA:404,22
DA:405,25
DA:406,25
DA:407,25
DA:410,25
DA:411,25
DA:412,25
DA:413,13
DA:415,25
DA:416,4
DA:418,25
DA:419,5
DA:421,25
DA:422,25
DA:423,25
DA:425,25
LF:365
LH:364
BRDA:6,0,0,38
BRDA:44,1,0,32
BRDA:74,2,0,5
BRDA:106,3,0,1
BRDA:12,4,0,13
BRDA:15,5,0,13
BRDA:18,6,0,6
BRDA:19,7,0,0
BRDA:21,8,0,5
BRDA:21,9,0,1
BRDA:22,10,0,6
BRDA:25,11,0,1
BRDA:49,12,0,6
BRDA:92,13,0,15
BRDA:96,14,0,3
BRDA:129,15,0,3
BRDA:146,16,0,9
BRDA:150,17,0,4
BRDA:151,18,0,20
BRDA:151,19,0,16
BRDA:156,20,0,4
BRDA:158,21,0,4
BRDA:161,22,0,1
BRDA:162,23,0,0
BRDA:164,24,0,1
BRDA:164,25,0,0
BRDA:180,26,0,36
BRDA:187,27,0,4
BRDA:188,28,0,1
BRDA:188,29,0,3
BRDA:189,30,0,1
BRDA:206,31,0,4
BRDA:206,32,0,32
BRDA:195,33,0,1
BRDA:221,34,0,16
BRDA:254,35,0,13
BRDA:282,36,0,14
BRDA:282,37,0,3
BRDA:283,38,0,2
BRDA:283,39,0,1
BRDA:285,40,0,2
BRDA:285,41,0,1
BRDA:286,42,0,2
BRDA:286,43,0,1
BRDA:291,44,0,2
BRDA:291,45,0,1
BRDA:292,46,0,2
BRDA:292,47,0,1
BRDA:227,48,0,5
BRDA:230,49,0,5
BRDA:233,50,0,3
BRDA:234,51,0,0
BRDA:236,52,0,2
BRDA:237,53,0,2
BRDA:237,54,0,1
BRDA:238,55,0,3
BRDA:260,56,0,3
BRDA:308,57,0,25
BRDA:341,58,0,3
BRDA:351,59,0,0
BRDA:373,60,0,22
BRDA:405,61,0,13
BRDA:405,62,0,9
BRDA:405,63,0,4
BRDA:405,64,0,5
BRDA:412,65,0,13
BRDA:415,66,0,4
BRDA:418,67,0,5
BRDA:310,68,0,21
BRDA:311,69,0,1
BRDA:322,70,0,21
BRDA:323,71,0,0
BRDA:325,72,0,41
BRDA:328,73,0,4
BRDA:330,74,0,3
BRDA:330,75,0,1
BRDA:333,76,0,3
BRDA:335,77,0,1
BRDA:330,78,0,3
BRDA:331,79,0,1
BRDA:336,80,0,1
BRDA:337,81,0,1
BRF:82
BRH:76
end_of_record
TN:
SF:src/data/vocab.js
FNF:0
FNH:0
DA:1,1
DA:2,1
DA:3,1
DA:4,1
DA:5,1
DA:6,1
DA:7,1
DA:8,1
DA:9,1
DA:10,1
DA:11,1
DA:12,1
DA:13,1
DA:14,1
DA:15,1
DA:16,1
DA:17,1
DA:18,1
DA:19,1
DA:20,1
DA:21,1
DA:22,1
DA:23,1
DA:24,1
DA:25,1
DA:26,1
DA:27,1
DA:28,1
DA:29,1
DA:30,1
DA:31,1
DA:32,1
DA:33,1
DA:34,1
DA:35,1
DA:36,1
DA:37,1
DA:38,1
DA:39,1
DA:40,1
DA:41,1
DA:42,1
DA:43,1
DA:44,1
DA:45,1
DA:46,1
DA:47,1
DA:48,1
DA:49,1
DA:50,1
DA:51,1
DA:52,1
DA:53,1
DA:54,1
DA:55,1
DA:56,1
DA:57,1
DA:58,1
DA:59,1
DA:60,1
DA:61,1
DA:62,1
DA:63,1
DA:64,1
DA:65,1
DA:66,1
DA:67,1
DA:68,1
DA:69,1
DA:70,1
DA:71,1
DA:72,1
DA:73,1
DA:74,1
DA:75,1
DA:76,1
LF:76
LH:76
BRF:0
BRH:0
end_of_record
TN:
SF:src/hooks/useVocabStore.js
FN:6,loadState
FN:15,saveState
FN:19,useVocabStore
FNF:3
FNH:3
FNDA:32,loadState
FNDA:42,saveState
FNDA:86,useVocabStore
DA:1,1
DA:4,1
DA:6,32
DA:7,32
DA:8,32
DA:9,32
DA:10,32
DA:11,1
DA:12,1
DA:13,32
DA:15,42
DA:16,42
DA:17,42
DA:19,1
DA:20,86
DA:22,86
DA:23,42
DA:24,42
DA:25,42
DA:26,42
DA:27,42
DA:28,86
DA:30,86
DA:31,2
DA:32,2
DA:33,1
DA:34,1
DA:35,1
DA:36,1
DA:37,1
DA:38,86
DA:40,86
DA:41,16
DA:42,16
DA:43,16
DA:44,22
DA:45,21
DA:46,21
DA:47,21
DA:48,21
DA:49,21
DA:50,21
DA:51,16
DA:52,16
DA:53,16
DA:54,86
DA:56,86
DA:57,20
DA:58,20
DA:59,20
DA:60,20
DA:61,20
DA:62,20
DA:63,20
DA:64,86
DA:66,86
DA:67,2
DA:68,2
DA:69,2
DA:70,2
DA:71,2
DA:72,1
DA:73,2
DA:74,2
DA:75,2
DA:76,86
DA:78,86
DA:79,3
DA:80,3
DA:81,3
DA:82,3
DA:83,86
DA:85,86
DA:86,1
DA:87,1
DA:88,1
DA:89,1
DA:90,1
DA:91,86
DA:93,86
DA:94,31
DA:95,31
DA:96,261
DA:97,261
DA:98,31
DA:99,86
DA:101,86
DA:102,20
DA:103,20
DA:104,20
DA:105,20
DA:106,20
DA:107,20
DA:108,20
DA:109,20
DA:110,20
DA:111,86
DA:113,86
DA:114,86
DA:115,86
DA:116,86
DA:117,86
DA:118,86
DA:119,86
DA:120,86
DA:121,86
DA:122,86
DA:123,86
DA:124,86
DA:125,86
LF:110
LH:110
BRDA:6,0,0,32
BRDA:9,1,0,1
BRDA:9,2,0,31
BRDA:10,3,0,1
BRDA:15,4,0,42
BRDA:19,5,0,86
BRDA:20,6,0,32
BRDA:22,7,0,42
BRDA:23,8,0,42
BRDA:30,9,0,2
BRDA:32,10,0,1
BRDA:40,11,0,16
BRDA:41,12,0,16
BRDA:43,13,0,22
BRDA:44,14,0,21
BRDA:56,15,0,20
BRDA:57,16,0,20
BRDA:58,17,0,1
BRDA:66,18,0,2
BRDA:68,19,0,2
BRDA:70,20,0,2
BRDA:71,21,0,1
BRDA:78,22,0,3
BRDA:79,23,0,3
BRDA:85,24,0,1
BRDA:86,25,0,1
BRDA:93,26,0,31
BRDA:95,27,0,261
BRDA:97,28,0,2
BRDA:101,29,0,20
BRDA:106,30,0,10
BRDA:107,31,0,10
BRDA:108,32,0,10
BRDA:108,33,0,2
BRDA:109,34,0,7
BRF:35
BRH:35
end_of_record
TN:
SF:src/utils/quizHelpers.js
FN:1,shuffle
FN:10,buildQueue
FN:21,flexMatch
FNF:3
FNH:3
FNDA:41,shuffle
FNDA:28,buildQueue
FNDA:17,flexMatch
DA:1,1
DA:2,41
DA:3,41
DA:4,63
DA:5,63
DA:6,63
DA:7,41
DA:8,41
DA:10,1
DA:11,28
DA:12,28
DA:13,28
DA:14,28
DA:15,55
DA:16,55
DA:17,28
DA:18,28
DA:19,28
DA:21,1
DA:22,17
DA:23,17
DA:24,17
DA:25,8
DA:26,8
DA:27,8
DA:28,8
DA:29,8
LF:27
LH:27
BRDA:1,0,0,41
BRDA:3,1,0,63
BRDA:10,2,0,28
BRDA:13,3,0,3
BRDA:14,4,0,25
BRDA:14,5,0,55
BRDA:16,6,0,6
BRDA:21,7,0,17
BRDA:24,8,0,9
BRDA:24,9,0,8
BRDA:27,10,0,17
BRF:11
BRH:11
end_of_record
TN:
SF:src/utils/quizHelpers.test.js
FNF:0
FNH:0
DA:1,1
DA:2,1
DA:3,1
DA:4,1
DA:5,1
DA:6,1
DA:7,1
DA:8,1
DA:9,1
DA:10,1
DA:11,1
DA:12,1
DA:13,1
DA:14,1
DA:15,1
DA:16,1
DA:17,1
DA:18,1
DA:19,1
DA:20,1
DA:21,1
DA:22,1
DA:23,1
DA:24,1
DA:25,1
DA:26,1
DA:27,1
DA:28,1
DA:29,1
DA:30,1
DA:31,1
DA:32,1
DA:33,1
DA:34,1
DA:35,1
DA:36,1
DA:37,1
DA:38,1
DA:39,1
DA:40,1
DA:41,1
DA:42,1
DA:43,1
DA:44,1
DA:45,1
DA:46,1
DA:47,1
DA:48,1
DA:49,1
DA:50,1
DA:51,1
DA:52,1
DA:53,1
DA:54,1
DA:55,1
DA:56,1
DA:57,1
DA:58,1
DA:59,1
DA:60,1
DA:61,1
DA:62,1
DA:63,1
DA:64,1
DA:65,1
DA:66,1
DA:67,1
DA:68,1
DA:69,1
DA:70,1
DA:71,1
DA:72,1
DA:73,1
DA:74,1
DA:75,1
DA:76,1
DA:77,1
DA:78,1
DA:79,1
DA:80,1
DA:81,1
DA:82,1
DA:83,1
DA:84,1
DA:85,1
DA:86,1
DA:87,1
DA:88,1
DA:89,1
DA:90,1
DA:91,1
DA:92,1
DA:93,1
DA:94,1
DA:95,1
DA:96,1
DA:97,1
DA:98,1
DA:99,1
DA:100,1
DA:101,1
DA:102,1
DA:103,1
DA:104,1
DA:105,1
DA:106,1
DA:107,1
DA:108,1
DA:109,1
DA:110,1
DA:111,1
DA:112,1
DA:113,1
DA:114,1
DA:115,1
DA:116,1
DA:117,1
DA:118,1
DA:119,1
DA:120,1
DA:121,1
DA:122,1
DA:123,1
DA:124,1
DA:125,1
DA:126,1
DA:127,1
DA:128,1
DA:129,1
DA:130,1
DA:131,1
DA:132,1
DA:133,1
DA:134,1
DA:135,1
DA:136,1
DA:137,1
DA:138,1
DA:139,1
DA:140,1
DA:141,1
DA:142,1
DA:143,1
DA:144,1
DA:145,1
DA:146,1
DA:147,1
DA:148,1
DA:149,1
DA:150,1
DA:151,1
LF:151
LH:151
BRDA:4,0,0,1
BRDA:5,1,0,1
BRDA:12,2,0,1
BRDA:19,3,0,1
BRDA:24,4,0,1
BRDA:28,5,0,1
BRDA:33,6,0,1
BRDA:34,7,0,1
BRDA:38,8,0,1
BRDA:43,9,0,1
BRDA:47,10,0,1
BRDA:51,11,0,1
BRDA:56,12,0,1
BRDA:61,13,0,1
BRDA:65,14,0,1
BRDA:70,15,0,1
BRDA:75,16,0,1
BRDA:80,17,0,1
BRDA:91,18,0,1
BRDA:97,19,0,1
BRDA:103,20,0,1
BRDA:111,21,0,2
BRDA:114,22,0,1
BRDA:121,23,0,3
BRDA:124,24,0,1
BRDA:131,25,0,1
BRDA:134,26,0,1
BRDA:140,27,0,1
BRF:28
BRH:28
end_of_record
TN:
SF:src/utils/sm2.js
FN:1,todayISO
FN:5,sm2Next
FNF:2
FNH:2
FNDA:77,todayISO
FNDA:36,sm2Next
DA:1,1
DA:2,77
DA:3,77
DA:5,1
DA:6,36
DA:8,36
DA:9,30
DA:10,10
DA:11,3
DA:12,30
DA:13,36
DA:14,6
DA:15,6
DA:16,6
DA:18,36
DA:19,36
DA:21,36
DA:22,36
LF:18
LH:18
BRDA:1,0,0,77
BRDA:5,1,0,36
BRDA:8,2,0,30
BRDA:9,3,0,20
BRDA:9,4,0,10
BRDA:10,5,0,7
BRDA:10,6,0,3
BRDA:13,7,0,6
BRF:8
BRH:8
end_of_record
TN:
SF:src/utils/sm2.test.js
FNF:0
FNH:0
DA:1,1
DA:2,1
DA:3,1
DA:4,1
DA:5,1
DA:6,1
DA:7,1
DA:8,1
DA:9,1
DA:10,1
DA:11,1
DA:12,1
DA:13,1
DA:14,1
DA:15,1
DA:16,1
DA:17,1
DA:18,1
DA:19,1
DA:20,1
DA:21,1
DA:22,1
DA:23,1
DA:24,1
DA:25,1
DA:26,1
DA:27,1
DA:28,1
DA:29,1
DA:30,1
DA:31,1
DA:32,1
DA:33,1
DA:34,1
DA:35,1
DA:36,1
DA:37,1
DA:38,1
DA:39,1
DA:40,1
DA:41,1
DA:42,1
DA:43,1
DA:44,1
DA:45,1
DA:46,1
DA:47,1
DA:48,1
DA:49,1
DA:50,1
DA:51,1
DA:52,1
DA:53,1
DA:54,1
DA:55,1
DA:56,1
DA:57,1
DA:58,1
DA:59,1
DA:60,1
DA:61,1
DA:62,1
DA:63,1
DA:64,1
DA:65,1
DA:66,1
DA:67,1
DA:68,1
DA:69,1
DA:70,1
DA:71,1
DA:72,1
DA:73,1
DA:74,1
DA:75,1
DA:76,1
DA:77,1
DA:78,1
DA:79,1
DA:80,1
DA:81,1
DA:82,1
DA:83,1
DA:84,1
DA:85,1
DA:86,1
DA:87,1
DA:88,1
DA:89,1
DA:90,1
DA:91,1
DA:92,1
DA:93,1
DA:94,1
DA:95,1
DA:96,1
DA:97,1
DA:98,1
DA:99,1
DA:100,1
DA:101,1
DA:102,1
DA:103,1
DA:104,1
DA:105,1
DA:106,1
DA:107,1
DA:108,1
DA:109,1
DA:110,1
DA:111,1
DA:112,1
DA:113,1
DA:114,1
DA:115,1
DA:116,1
DA:117,1
DA:118,1
DA:119,1
DA:120,1
DA:121,1
DA:122,1
DA:123,1
DA:124,1
DA:125,1
DA:126,1
DA:127,1
DA:128,1
DA:129,1
DA:130,1
DA:131,1
DA:132,1
LF:132
LH:132
BRDA:4,0,0,1
BRDA:5,1,0,1
BRDA:10,2,0,1
BRDA:16,3,0,1
BRDA:19,4,0,1
BRDA:20,5,0,1
BRDA:27,6,0,1
BRDA:33,7,0,1
BRDA:40,8,0,1
BRDA:47,9,0,1
BRDA:55,10,0,1
BRDA:56,11,0,1
BRDA:63,12,0,1
BRDA:70,13,0,1
BRDA:78,14,0,1
BRDA:79,15,0,1
BRDA:86,16,0,1
BRDA:88,17,0,0
BRDA:92,18,0,1
BRDA:97,19,0,1
BRDA:103,20,0,1
BRDA:104,21,0,1
BRDA:110,22,0,1
BRDA:118,23,0,1
BRDA:125,24,0,1
BRF:25
BRH:24
end_of_record
